<?xml version="1.0" encoding="UTF-8"?>
<!-- Generated by org.testng.reporters.JUnitReportReporter -->
<testsuite name="com.OrangeHRM.LoginPage" tests="1" time="14.560" ignored="0" failures="0" timestamp="15 Dec 2020 05:33:07 GMT" skipped="0" hostname="HIBACL131408" errors="0">
  <testcase name="LoginwithValidCredentials" time="14.560" classname="com.OrangeHRM.LoginPage"/>
</testsuite> <!-- com.OrangeHRM.LoginPage -->
