<?xml version="1.0" encoding="UTF-8"?>
<!-- Generated by org.testng.reporters.JUnitReportReporter -->
<testsuite name="com.OrangeHRM.OrangeHRM_Tab_Closing" tests="1" time="17.602" ignored="0" failures="0" timestamp="14 Dec 2020 16:09:03 GMT" skipped="0" hostname="HIBACL131408" errors="0">
  <testcase name="GoogleSignIn" time="17.602" classname="com.OrangeHRM.OrangeHRM_Tab_Closing"/>
</testsuite> <!-- com.OrangeHRM.OrangeHRM_Tab_Closing -->
