<?xml version="1.0" encoding="UTF-8"?>
<!-- Generated by org.testng.reporters.JUnitReportReporter -->
<testsuite name="com.OrangeHRM.Google_SignIn_RightClick" tests="1" time="11.228" ignored="0" failures="0" timestamp="14 Dec 2020 15:53:55 GMT" skipped="0" hostname="HIBACL131408" errors="0">
  <testcase name="GoogleSignIn" time="11.228" classname="com.OrangeHRM.Google_SignIn_RightClick"/>
</testsuite> <!-- com.OrangeHRM.Google_SignIn_RightClick -->
