<?xml version="1.0" encoding="UTF-8"?>
<!-- Generated by org.testng.reporters.JUnitReportReporter -->
<testsuite name="com.OrangeHRM.Mouse_Hover_Example" tests="1" time="29.801" ignored="0" failures="0" timestamp="14 Dec 2020 15:36:46 GMT" skipped="0" hostname="HIBACL131408" errors="0">
  <testcase name="MouseHoverFlipCart" time="29.801" classname="com.OrangeHRM.Mouse_Hover_Example"/>
</testsuite> <!-- com.OrangeHRM.Mouse_Hover_Example -->
